0 verbose cli C:\Program Files\nodejs\node.exe C:\Users\Mhmtm\AppData\Roaming\npm\node_modules\npm\bin\npm-cli.js
1 info using npm@11.2.0
2 info using node@v20.18.0
3 silly config load:file:C:\Users\Mhmtm\AppData\Roaming\npm\node_modules\npm\npmrc
4 silly config load:file:C:\Users\Mhmtm\OneDrive\Belgeler\CODE23\ProjeX\.npmrc
5 silly config load:file:C:\Users\Mhmtm\.npmrc
6 silly config load:file:C:\Users\Mhmtm\AppData\Roaming\npm\etc\npmrc
7 verbose title npm exec @react-native-community/cli config
8 verbose argv "exec" "--" "@react-native-community/cli" "config"
9 verbose logfile logs-max:10 dir:C:\Users\Mhmtm\OneDrive\Belgeler\CODE23\ProjeX\tempnpm-cache\_logs\2025-03-21T11_38_28_964Z-
10 verbose logfile C:\Users\Mhmtm\OneDrive\Belgeler\CODE23\ProjeX\tempnpm-cache\_logs\2025-03-21T11_38_28_964Z-debug-0.log
11 silly logfile start cleaning logs, removing 1 files
12 silly logfile done cleaning log files
13 silly packumentCache heap:4345298944 maxSize:1086324736 maxEntrySize:543162368
14 verbose cwd C:\Users\Mhmtm\OneDrive\Belgeler\CODE23\ProjeX
15 verbose os Windows_NT 10.0.26100
16 verbose node v20.18.0
17 verbose npm  v11.2.0
18 verbose exit 0
19 info ok
